Command line:
   cnt6states_isim_beh.exe
     -simmode  gui
     -simrunnum  0
     -socket  48791

Sun Aug  6 13:39:47 2017


 Elaboration Time: 0.02 sec

 Current Memory Usage: 235.811 Meg

 Total Signals          : 4
 Total Nets             : 4
 Total Signal Drivers   : 2
 Total Blocks           : 2
 Total Primitive Blocks : 2
 Total Processes        : 2
 Total Traceable Variables  : 9
 Total Scalar Nets and Variables : 365
Total Line Count : 6

 Total Simulation Time: 0.03 sec

 Current Memory Usage: 311.312 Meg

Sun Aug  6 13:39:59 2017

