Running: /opt/Xilinx/14.7/ISE_DS/ISE/bin/lin64/unwrapped/fuse -intstyle ise -incremental -lib secureip -o /home/mika/projects_workspace/VHDL_projects/Combinational_logic/shwreg/shwreg4bit_tb_isim_beh.exe -prj /home/mika/projects_workspace/VHDL_projects/Combinational_logic/shwreg/shwreg4bit_tb_beh.prj work.shwreg4bit_tb 
ISim P.20131013 (signature 0xfbc00daa)
Number of CPUs detected in this system: 8
Turning on mult-threading, number of parallel sub-compilation jobs: 16 
Determining compilation order of HDL files
Parsing VHDL file "/home/mika/projects_workspace/VHDL_projects/Combinational_logic/shwreg/shwreg4bit.vhd" into library work
Parsing VHDL file "/home/mika/projects_workspace/VHDL_projects/Combinational_logic/shwreg/shwreg4bit_tb.vhd" into library work
Starting static elaboration
Completed static elaboration
Fuse Memory Usage: 95060 KB
Fuse CPU Usage: 940 ms
Compiling package standard
Compiling package std_logic_1164
Compiling architecture behavioral of entity shwreg4bit [shwreg4bit_default]
Compiling architecture behavior of entity shwreg4bit_tb
Time Resolution for simulation is 1ps.
Waiting for 1 sub-compilation(s) to finish...
Compiled 5 VHDL Units
Built simulation executable /home/mika/projects_workspace/VHDL_projects/Combinational_logic/shwreg/shwreg4bit_tb_isim_beh.exe
Fuse Memory Usage: 1185100 KB
Fuse CPU Usage: 960 ms
GCC CPU Usage: 130 ms
