Command line:
   shwreg4bit_tb_isim_beh.exe
     -simmode  gui
     -simrunnum  0
     -socket  43773

Sun Aug  6 11:21:08 2017


 Elaboration Time: 0.01 sec

 Current Memory Usage: 235.815 Meg

 Total Signals          : 15
 Total Nets             : 18
 Total Signal Drivers   : 8
 Total Blocks           : 3
 Total Primitive Blocks : 2
 Total Processes        : 4
 Total Traceable Variables  : 9
 Total Scalar Nets and Variables : 379
Total Line Count : 26

 Total Simulation Time: 0.16 sec

 Current Memory Usage: 311.316 Meg

Sun Aug  6 11:23:17 2017

